<?xml version="1.0" encoding="UTF-8"?>
<testng-results skipped="0" failed="0" ignored="0" total="1" passed="1">
  <reporter-output>
  </reporter-output>
  <suite name="Default suite" duration-ms="4200" started-at="2018-09-19T01:36:42Z" finished-at="2018-09-19T01:36:46Z">
    <groups>
    </groups>
    <test name="Default test" duration-ms="4200" started-at="2018-09-19T01:36:42Z" finished-at="2018-09-19T01:36:46Z">
      <class name="com.issues.UpdateComment">
        <test-method status="PASS" signature="verifyResponse()[pri:0, instance:com.issues.UpdateComment@e25b2fe]" name="verifyResponse" duration-ms="4178" started-at="2018-09-19T01:36:42Z" finished-at="2018-09-19T01:36:46Z">
          <reporter-output>
          </reporter-output>
        </test-method> <!-- verifyResponse -->
      </class> <!-- com.issues.UpdateComment -->
    </test> <!-- Default test -->
  </suite> <!-- Default suite -->
</testng-results>
